<?xml version="1.0" encoding="UTF-8"?>
<testsuite name="org.example.AppTest" tests="1" skipped="0" failures="0" errors="0" timestamp="2025-06-02T07:30:19" hostname="DESKTOP-43OQ2F8" time="0.01">
  <properties/>
  <testcase name="appHasAGreeting()" classname="org.example.AppTest" time="0.01"/>
  <system-out><![CDATA[]]></system-out>
  <system-err><![CDATA[]]></system-err>
</testsuite>
